<?xml version="1.0" encoding="UTF-8"?>
<!-- Generated by org.testng.reporters.JUnitReportReporter -->
<testsuite hostname="PC" failures="0" tests="1" name="TestObjects.HomePageTest" time="0.535" errors="0" timestamp="24 Feb 2022 16:23:28 GMT" skipped="0">
  <testcase classname="TestObjects.HomePageTest" name="verifyLogodisplay" time="0.535"/>
</testsuite> <!-- TestObjects.HomePageTest -->
